<?xml version="1.0" encoding="UTF-8"?>
<!-- Generated by org.testng.reporters.JUnitReportReporter -->
<testsuite hostname="LAPTOP-61IHPE0N" name="Demo_Project.demoClassTest" tests="1" failures="0" timestamp="10 Nov 2019 07:28:59 GMT" time="21.665" errors="0">
  <testcase name="lanch_browser" time="21.665" classname="Demo_Project.demoClassTest"/>
</testsuite> <!-- Demo_Project.demoClassTest -->
